  vector.cpp
d:\users\github 代码\c-cang\vector\vector\vector.cpp(137): error C2446: “>=”: 没有从“int *”到“T”的转换
          with
          [
              T=int
          ]
  d:\users\github 代码\c-cang\vector\vector\vector.cpp(137): note: 没有使该转换得以执行的上下文
  d:\users\github 代码\c-cang\vector\vector\vector.cpp(136): note: 编译 类 模板 成员函数 "int *Vector<int>::erase(T &)" 时
          with
          [
              T=int
          ]
  d:\users\github 代码\c-cang\vector\vector\vector.cpp(191): note: 参见对正在编译的函数 模板 实例化“int *Vector<int>::erase(T &)”的引用
          with
          [
              T=int
          ]
  d:\users\github 代码\c-cang\vector\vector\vector.cpp(176): note: 参见对正在编译的 类 模板 实例化 "Vector<int>" 的引用
d:\users\github 代码\c-cang\vector\vector\vector.cpp(137): error C2446: “<=”: 没有从“int *”到“T”的转换
          with
          [
              T=int
          ]
  d:\users\github 代码\c-cang\vector\vector\vector.cpp(137): note: 没有使该转换得以执行的上下文
d:\users\github 代码\c-cang\vector\vector\vector.cpp(138): error C2440: “初始化”: 无法从“int”转换为“int *”
  d:\users\github 代码\c-cang\vector\vector\vector.cpp(138): note: 从整型强制转换为指针类型要求 reinterpret_cast、C 样式强制转换或函数样式强制转换
d:\users\github 代码\c-cang\vector\vector\vector.cpp(145): error C2440: “return”: 无法从“T”转换为“int *”
          with
          [
              T=int
          ]
  d:\users\github 代码\c-cang\vector\vector\vector.cpp(145): note: 从整型强制转换为指针类型要求 reinterpret_cast、C 样式强制转换或函数样式强制转换
